{"payload":{"allShortcutsEnabled":true,"fileTree":{"NewSeleniumTest/test-output/junitreports":{"items":[{"name":"TEST-Testcase.TC001.xml","path":"NewSeleniumTest/test-output/junitreports/TEST-Testcase.TC001.xml","contentType":"file"},{"name":"TEST-Testcase.TC002_VerifyPageTitle.xml","path":"NewSeleniumTest/test-output/junitreports/TEST-Testcase.TC002_VerifyPageTitle.xml","contentType":"file"},{"name":"TEST-Testcase.TC003_VerifyRadioAndCheckbox.xml","path":"NewSeleniumTest/test-output/junitreports/TEST-Testcase.TC003_VerifyRadioAndCheckbox.xml","contentType":"file"},{"name":"TEST-Testcase.TC004_VerifyDropDown.xml","path":"NewSeleniumTest/test-output/junitreports/TEST-Testcase.TC004_VerifyDropDown.xml","contentType":"file"},{"name":"TEST-Testcase.TC005_Refresh.xml","path":"NewSeleniumTest/test-output/junitreports/TEST-Testcase.TC005_Refresh.xml","contentType":"file"},{"name":"TEST-Testcase.TC006_Scroll.xml","path":"NewSeleniumTest/test-output/junitreports/TEST-Testcase.TC006_Scroll.xml","contentType":"file"},{"name":"TEST-Testcase.TC007_RightContextClick.xml","path":"NewSeleniumTest/test-output/junitreports/TEST-Testcase.TC007_RightContextClick.xml","contentType":"file"},{"name":"TEST-Testcase.TC008_DragAndDrop.xml","path":"NewSeleniumTest/test-output/junitreports/TEST-Testcase.TC008_DragAndDrop.xml","contentType":"file"},{"name":"TEST-Testcase.TC009_KeyboardEvent.xml","path":"NewSeleniumTest/test-output/junitreports/TEST-Testcase.TC009_KeyboardEvent.xml","contentType":"file"},{"name":"TEST-Testcase.TC010_AlertAndPopUp.xml","path":"NewSeleniumTest/test-output/junitreports/TEST-Testcase.TC010_AlertAndPopUp.xml","contentType":"file"}],"totalCount":10},"NewSeleniumTest/test-output":{"items":[{"name":"Default suite","path":"NewSeleniumTest/test-output/Default suite","contentType":"directory"},{"name":"Suite","path":"NewSeleniumTest/test-output/Suite","contentType":"directory"},{"name":"junitreports","path":"NewSeleniumTest/test-output/junitreports","contentType":"directory"},{"name":"old","path":"NewSeleniumTest/test-output/old","contentType":"directory"},{"name":"bullet_point.png","path":"NewSeleniumTest/test-output/bullet_point.png","contentType":"file"},{"name":"collapseall.gif","path":"NewSeleniumTest/test-output/collapseall.gif","contentType":"file"},{"name":"emailable-report.html","path":"NewSeleniumTest/test-output/emailable-report.html","contentType":"file"},{"name":"failed.png","path":"NewSeleniumTest/test-output/failed.png","contentType":"file"},{"name":"index.html","path":"NewSeleniumTest/test-output/index.html","contentType":"file"},{"name":"jquery.min.js","path":"NewSeleniumTest/test-output/jquery.min.js","contentType":"file"},{"name":"navigator-bullet.png","path":"NewSeleniumTest/test-output/navigator-bullet.png","contentType":"file"},{"name":"passed.png","path":"NewSeleniumTest/test-output/passed.png","contentType":"file"},{"name":"skipped.png","path":"NewSeleniumTest/test-output/skipped.png","contentType":"file"},{"name":"testng-failed.xml","path":"NewSeleniumTest/test-output/testng-failed.xml","contentType":"file"},{"name":"testng-reports.css","path":"NewSeleniumTest/test-output/testng-reports.css","contentType":"file"},{"name":"testng-reports.js","path":"NewSeleniumTest/test-output/testng-reports.js","contentType":"file"},{"name":"testng-reports1.css","path":"NewSeleniumTest/test-output/testng-reports1.css","contentType":"file"},{"name":"testng-reports2.js","path":"NewSeleniumTest/test-output/testng-reports2.js","contentType":"file"},{"name":"testng-results.xml","path":"NewSeleniumTest/test-output/testng-results.xml","contentType":"file"},{"name":"testng.css","path":"NewSeleniumTest/test-output/testng.css","contentType":"file"}],"totalCount":20},"NewSeleniumTest":{"items":[{"name":".settings","path":"NewSeleniumTest/.settings","contentType":"directory"},{"name":"src","path":"NewSeleniumTest/src","contentType":"directory"},{"name":"test-output","path":"NewSeleniumTest/test-output","contentType":"directory"},{"name":".classpath","path":"NewSeleniumTest/.classpath","contentType":"file"},{"name":".gitignore","path":"NewSeleniumTest/.gitignore","contentType":"file"},{"name":".project","path":"NewSeleniumTest/.project","contentType":"file"},{"name":"pom.xml","path":"NewSeleniumTest/pom.xml","contentType":"file"},{"name":"testng.xml","path":"NewSeleniumTest/testng.xml","contentType":"file"}],"totalCount":8},"":{"items":[{"name":"NewSeleniumTest","path":"NewSeleniumTest","contentType":"directory"}],"totalCount":1}},"fileTreeProcessingTime":15.512049,"foldersToFetch":[],"reducedMotionEnabled":"system","repo":{"id":475894648,"defaultBranch":"master","name":"NewSeleniumTest","ownerLogin":"tabassumkabir","currentUserCanPush":false,"isFork":false,"isEmpty":false,"createdAt":"2022-03-30T19:36:30.000+06:00","ownerAvatar":"https://avatars.githubusercontent.com/u/41773516?v=4","public":true,"private":false,"isOrgOwned":false},"refInfo":{"name":"master","listCacheKey":"v0:1648716426.2766788","canEdit":true,"refType":"branch","currentOid":"c6922fada8643c8944315db5f176e548173a948c"},"path":"NewSeleniumTest/test-output/junitreports/TEST-Testcase.TC001.xml","currentUser":{"id":73067441,"login":"Bayezid-Prince","userEmail":"bayejid.zahid@northsouth.edu"},"blob":{"rawLines":["<?xml version=\"1.0\" encoding=\"UTF-8\"?>","<!-- Generated by org.testng.reporters.JUnitReportReporter -->","<testsuite hostname=\"DESKTOP-92UMK2U\" failures=\"0\" tests=\"1\" name=\"Testcase.TC001\" time=\"6.563\" errors=\"1\" timestamp=\"2022-04-12T12:24:50 ALMT\" skipped=\"0\">","  <testcase classname=\"Testcase.TC001\" name=\"TestCase\" time=\"6.563\">","    <error message=\"no such element: Unable to locate element: {&quot;method&quot;:&quot;css selector&quot;,&quot;selector&quot;:&quot;#inputUsername&quot;}","  (Session info: chrome=100.0.4896.75)","For documentation on this error, please visit: https://selenium.dev/exceptions/#no_such_element","Build info: version: &#039;4.1.2&#039;, revision: &#039;9a5a329c5a&#039;","System info: host: &#039;DESKTOP-92UMK2U&#039;, ip: &#039;192.168.0.111&#039;, os.name: &#039;Windows 10&#039;, os.arch: &#039;amd64&#039;, os.version: &#039;10.0&#039;, java.version: &#039;17.0.2&#039;","Driver info: org.openqa.selenium.chrome.ChromeDriver","Command: [b860f65b7e9e826edee5ea604850cb95, findElement {using=id, value=inputUsername}]","Capabilities {acceptInsecureCerts: false, browserName: chrome, browserVersion: 100.0.4896.75, chrome: {chromedriverVersion: 100.0.4896.60 (6a5d10861ce8..., userDataDir: C:\\Users\\tabas\\AppData\\Loca...}, goog:chromeOptions: {debuggerAddress: localhost:53314}, javascriptEnabled: true, networkConnectionEnabled: false, pageLoadStrategy: normal, platform: WINDOWS, platformName: WINDOWS, proxy: Proxy(), se:cdp: ws://localhost:53314/devtoo..., se:cdpVersion: 100.0.4896.75, setWindowRect: true, strictFileInteractability: false, timeouts: {implicit: 0, pageLoad: 300000, script: 30000}, unhandledPromptBehavior: dismiss and notify, webauthn:extension:credBlob: true, webauthn:extension:largeBlob: true, webauthn:virtualAuthenticators: true}","Session ID: b860f65b7e9e826edee5ea604850cb95\" type=\"org.openqa.selenium.NoSuchElementException\">","      <![CDATA[org.openqa.selenium.NoSuchElementException: no such element: Unable to locate element: {\"method\":\"css selector\",\"selector\":\"#inputUsername\"}","  (Session info: chrome=100.0.4896.75)","For documentation on this error, please visit: https://selenium.dev/exceptions/#no_such_element","Build info: version: '4.1.2', revision: '9a5a329c5a'","System info: host: 'DESKTOP-92UMK2U', ip: '192.168.0.111', os.name: 'Windows 10', os.arch: 'amd64', os.version: '10.0', java.version: '17.0.2'","Driver info: org.openqa.selenium.chrome.ChromeDriver","Command: [b860f65b7e9e826edee5ea604850cb95, findElement {using=id, value=inputUsername}]","Capabilities {acceptInsecureCerts: false, browserName: chrome, browserVersion: 100.0.4896.75, chrome: {chromedriverVersion: 100.0.4896.60 (6a5d10861ce8..., userDataDir: C:\\Users\\tabas\\AppData\\Loca...}, goog:chromeOptions: {debuggerAddress: localhost:53314}, javascriptEnabled: true, networkConnectionEnabled: false, pageLoadStrategy: normal, platform: WINDOWS, platformName: WINDOWS, proxy: Proxy(), se:cdp: ws://localhost:53314/devtoo..., se:cdpVersion: 100.0.4896.75, setWindowRect: true, strictFileInteractability: false, timeouts: {implicit: 0, pageLoad: 300000, script: 30000}, unhandledPromptBehavior: dismiss and notify, webauthn:extension:credBlob: true, webauthn:extension:largeBlob: true, webauthn:virtualAuthenticators: true}","Session ID: b860f65b7e9e826edee5ea604850cb95","at java.base/jdk.internal.reflect.NativeConstructorAccessorImpl.newInstance0(Native Method)","at java.base/jdk.internal.reflect.NativeConstructorAccessorImpl.newInstance(NativeConstructorAccessorImpl.java:77)","at java.base/jdk.internal.reflect.DelegatingConstructorAccessorImpl.newInstance(DelegatingConstructorAccessorImpl.java:45)","at java.base/java.lang.reflect.Constructor.newInstanceWithCaller(Constructor.java:499)","at java.base/java.lang.reflect.Constructor.newInstance(Constructor.java:480)","at org.openqa.selenium.remote.codec.w3c.W3CHttpResponseCodec.createException(W3CHttpResponseCodec.java:200)","at org.openqa.selenium.remote.codec.w3c.W3CHttpResponseCodec.decode(W3CHttpResponseCodec.java:133)","at org.openqa.selenium.remote.codec.w3c.W3CHttpResponseCodec.decode(W3CHttpResponseCodec.java:53)","at org.openqa.selenium.remote.HttpCommandExecutor.execute(HttpCommandExecutor.java:184)","at org.openqa.selenium.remote.service.DriverCommandExecutor.invokeExecute(DriverCommandExecutor.java:167)","at org.openqa.selenium.remote.service.DriverCommandExecutor.execute(DriverCommandExecutor.java:142)","at org.openqa.selenium.remote.RemoteWebDriver.execute(RemoteWebDriver.java:558)","at org.openqa.selenium.remote.ElementLocation$ElementFinder$2.findElement(ElementLocation.java:162)","at org.openqa.selenium.remote.ElementLocation.findElement(ElementLocation.java:66)","at org.openqa.selenium.remote.RemoteWebDriver.findElement(RemoteWebDriver.java:382)","at org.openqa.selenium.remote.RemoteWebDriver.findElement(RemoteWebDriver.java:374)","at Testcase.TC001.TestCase(TC001.java:24)","at java.base/jdk.internal.reflect.NativeMethodAccessorImpl.invoke0(Native Method)","at java.base/jdk.internal.reflect.NativeMethodAccessorImpl.invoke(NativeMethodAccessorImpl.java:77)","at java.base/jdk.internal.reflect.DelegatingMethodAccessorImpl.invoke(DelegatingMethodAccessorImpl.java:43)","at java.base/java.lang.reflect.Method.invoke(Method.java:568)","at org.testng.internal.MethodInvocationHelper.invokeMethod(MethodInvocationHelper.java:133)","at org.testng.internal.TestInvoker.invokeMethod(TestInvoker.java:598)","at org.testng.internal.TestInvoker.invokeTestMethod(TestInvoker.java:173)","at org.testng.internal.MethodRunner.runInSequence(MethodRunner.java:46)","at org.testng.internal.TestInvoker$MethodInvocationAgent.invoke(TestInvoker.java:824)","at org.testng.internal.TestInvoker.invokeTestMethods(TestInvoker.java:146)","at org.testng.internal.TestMethodWorker.invokeTestMethods(TestMethodWorker.java:146)","at org.testng.internal.TestMethodWorker.run(TestMethodWorker.java:128)","at java.base/java.util.ArrayList.forEach(ArrayList.java:1511)","at org.testng.TestRunner.privateRun(TestRunner.java:794)","at org.testng.TestRunner.run(TestRunner.java:596)","at org.testng.SuiteRunner.runTest(SuiteRunner.java:377)","at org.testng.SuiteRunner.runSequentially(SuiteRunner.java:371)","at org.testng.SuiteRunner.privateRun(SuiteRunner.java:332)","at org.testng.SuiteRunner.run(SuiteRunner.java:276)","at org.testng.SuiteRunnerWorker.runSuite(SuiteRunnerWorker.java:53)","at org.testng.SuiteRunnerWorker.run(SuiteRunnerWorker.java:96)","at org.testng.TestNG.runSuitesSequentially(TestNG.java:1212)","at org.testng.TestNG.runSuitesLocally(TestNG.java:1134)","at org.testng.TestNG.runSuites(TestNG.java:1063)","at org.testng.TestNG.run(TestNG.java:1031)","at org.testng.remote.AbstractRemoteTestNG.run(AbstractRemoteTestNG.java:115)","at org.testng.remote.RemoteTestNG.initAndRun(RemoteTestNG.java:251)","at org.testng.remote.RemoteTestNG.main(RemoteTestNG.java:77)","]]>","    </error>","  </testcase> <!-- TestCase -->","  <system-out/>","</testsuite> <!-- Testcase.TC001 -->"],"stylingDirectives":[[{"start":2,"end":5,"cssClass":"pl-ent"},{"start":5,"end":13,"cssClass":"pl-e"},{"start":14,"end":19,"cssClass":"pl-s"},{"start":14,"end":15,"cssClass":"pl-pds"},{"start":18,"end":19,"cssClass":"pl-pds"},{"start":19,"end":28,"cssClass":"pl-e"},{"start":29,"end":36,"cssClass":"pl-s"},{"start":29,"end":30,"cssClass":"pl-pds"},{"start":35,"end":36,"cssClass":"pl-pds"}],[{"start":0,"end":62,"cssClass":"pl-c"},{"start":0,"end":4,"cssClass":"pl-c"},{"start":59,"end":62,"cssClass":"pl-c"}],[{"start":1,"end":10,"cssClass":"pl-ent"},{"start":11,"end":19,"cssClass":"pl-e"},{"start":20,"end":37,"cssClass":"pl-s"},{"start":20,"end":21,"cssClass":"pl-pds"},{"start":36,"end":37,"cssClass":"pl-pds"},{"start":38,"end":46,"cssClass":"pl-e"},{"start":47,"end":50,"cssClass":"pl-s"},{"start":47,"end":48,"cssClass":"pl-pds"},{"start":49,"end":50,"cssClass":"pl-pds"},{"start":51,"end":56,"cssClass":"pl-e"},{"start":57,"end":60,"cssClass":"pl-s"},{"start":57,"end":58,"cssClass":"pl-pds"},{"start":59,"end":60,"cssClass":"pl-pds"},{"start":61,"end":65,"cssClass":"pl-e"},{"start":66,"end":82,"cssClass":"pl-s"},{"start":66,"end":67,"cssClass":"pl-pds"},{"start":81,"end":82,"cssClass":"pl-pds"},{"start":83,"end":87,"cssClass":"pl-e"},{"start":88,"end":95,"cssClass":"pl-s"},{"start":88,"end":89,"cssClass":"pl-pds"},{"start":94,"end":95,"cssClass":"pl-pds"},{"start":96,"end":102,"cssClass":"pl-e"},{"start":103,"end":106,"cssClass":"pl-s"},{"start":103,"end":104,"cssClass":"pl-pds"},{"start":105,"end":106,"cssClass":"pl-pds"},{"start":107,"end":116,"cssClass":"pl-e"},{"start":117,"end":143,"cssClass":"pl-s"},{"start":117,"end":118,"cssClass":"pl-pds"},{"start":142,"end":143,"cssClass":"pl-pds"},{"start":144,"end":151,"cssClass":"pl-e"},{"start":152,"end":155,"cssClass":"pl-s"},{"start":152,"end":153,"cssClass":"pl-pds"},{"start":154,"end":155,"cssClass":"pl-pds"}],[{"start":3,"end":11,"cssClass":"pl-ent"},{"start":12,"end":21,"cssClass":"pl-e"},{"start":22,"end":38,"cssClass":"pl-s"},{"start":22,"end":23,"cssClass":"pl-pds"},{"start":37,"end":38,"cssClass":"pl-pds"},{"start":39,"end":43,"cssClass":"pl-e"},{"start":44,"end":54,"cssClass":"pl-s"},{"start":44,"end":45,"cssClass":"pl-pds"},{"start":53,"end":54,"cssClass":"pl-pds"},{"start":55,"end":59,"cssClass":"pl-e"},{"start":60,"end":67,"cssClass":"pl-s"},{"start":60,"end":61,"cssClass":"pl-pds"},{"start":66,"end":67,"cssClass":"pl-pds"}],[{"start":5,"end":10,"cssClass":"pl-ent"},{"start":11,"end":18,"cssClass":"pl-e"},{"start":19,"end":156,"cssClass":"pl-s"},{"start":19,"end":20,"cssClass":"pl-pds"},{"start":64,"end":70,"cssClass":"pl-c1"},{"start":76,"end":82,"cssClass":"pl-c1"},{"start":83,"end":89,"cssClass":"pl-c1"},{"start":101,"end":107,"cssClass":"pl-c1"},{"start":108,"end":114,"cssClass":"pl-c1"},{"start":122,"end":128,"cssClass":"pl-c1"},{"start":129,"end":135,"cssClass":"pl-c1"},{"start":149,"end":155,"cssClass":"pl-c1"}],[{"start":0,"end":38,"cssClass":"pl-s"}],[{"start":0,"end":95,"cssClass":"pl-s"}],[{"start":0,"end":72,"cssClass":"pl-s"},{"start":21,"end":27,"cssClass":"pl-c1"},{"start":32,"end":38,"cssClass":"pl-c1"},{"start":50,"end":56,"cssClass":"pl-c1"},{"start":66,"end":72,"cssClass":"pl-c1"}],[{"start":0,"end":202,"cssClass":"pl-s"},{"start":19,"end":25,"cssClass":"pl-c1"},{"start":40,"end":46,"cssClass":"pl-c1"},{"start":52,"end":58,"cssClass":"pl-c1"},{"start":71,"end":77,"cssClass":"pl-c1"},{"start":88,"end":94,"cssClass":"pl-c1"},{"start":104,"end":110,"cssClass":"pl-c1"},{"start":121,"end":127,"cssClass":"pl-c1"},{"start":132,"end":138,"cssClass":"pl-c1"},{"start":152,"end":158,"cssClass":"pl-c1"},{"start":162,"end":168,"cssClass":"pl-c1"},{"start":184,"end":190,"cssClass":"pl-c1"},{"start":196,"end":202,"cssClass":"pl-c1"}],[{"start":0,"end":52,"cssClass":"pl-s"}],[{"start":0,"end":88,"cssClass":"pl-s"}],[{"start":0,"end":736,"cssClass":"pl-s"}],[{"start":0,"end":45,"cssClass":"pl-s"},{"start":44,"end":45,"cssClass":"pl-pds"},{"start":46,"end":50,"cssClass":"pl-e"},{"start":51,"end":95,"cssClass":"pl-s"},{"start":51,"end":52,"cssClass":"pl-pds"},{"start":94,"end":95,"cssClass":"pl-pds"}],[{"start":6,"end":155,"cssClass":"pl-s"},{"start":6,"end":15,"cssClass":"pl-pds"}],[{"start":0,"end":38,"cssClass":"pl-s"}],[{"start":0,"end":95,"cssClass":"pl-s"}],[{"start":0,"end":52,"cssClass":"pl-s"}],[{"start":0,"end":142,"cssClass":"pl-s"}],[{"start":0,"end":52,"cssClass":"pl-s"}],[{"start":0,"end":88,"cssClass":"pl-s"}],[{"start":0,"end":736,"cssClass":"pl-s"}],[{"start":0,"end":44,"cssClass":"pl-s"}],[{"start":0,"end":91,"cssClass":"pl-s"}],[{"start":0,"end":114,"cssClass":"pl-s"}],[{"start":0,"end":122,"cssClass":"pl-s"}],[{"start":0,"end":86,"cssClass":"pl-s"}],[{"start":0,"end":76,"cssClass":"pl-s"}],[{"start":0,"end":107,"cssClass":"pl-s"}],[{"start":0,"end":98,"cssClass":"pl-s"}],[{"start":0,"end":97,"cssClass":"pl-s"}],[{"start":0,"end":87,"cssClass":"pl-s"}],[{"start":0,"end":105,"cssClass":"pl-s"}],[{"start":0,"end":99,"cssClass":"pl-s"}],[{"start":0,"end":79,"cssClass":"pl-s"}],[{"start":0,"end":99,"cssClass":"pl-s"}],[{"start":0,"end":82,"cssClass":"pl-s"}],[{"start":0,"end":83,"cssClass":"pl-s"}],[{"start":0,"end":83,"cssClass":"pl-s"}],[{"start":0,"end":41,"cssClass":"pl-s"}],[{"start":0,"end":81,"cssClass":"pl-s"}],[{"start":0,"end":99,"cssClass":"pl-s"}],[{"start":0,"end":107,"cssClass":"pl-s"}],[{"start":0,"end":61,"cssClass":"pl-s"}],[{"start":0,"end":91,"cssClass":"pl-s"}],[{"start":0,"end":69,"cssClass":"pl-s"}],[{"start":0,"end":73,"cssClass":"pl-s"}],[{"start":0,"end":71,"cssClass":"pl-s"}],[{"start":0,"end":85,"cssClass":"pl-s"}],[{"start":0,"end":74,"cssClass":"pl-s"}],[{"start":0,"end":84,"cssClass":"pl-s"}],[{"start":0,"end":70,"cssClass":"pl-s"}],[{"start":0,"end":61,"cssClass":"pl-s"}],[{"start":0,"end":56,"cssClass":"pl-s"}],[{"start":0,"end":49,"cssClass":"pl-s"}],[{"start":0,"end":55,"cssClass":"pl-s"}],[{"start":0,"end":63,"cssClass":"pl-s"}],[{"start":0,"end":58,"cssClass":"pl-s"}],[{"start":0,"end":51,"cssClass":"pl-s"}],[{"start":0,"end":67,"cssClass":"pl-s"}],[{"start":0,"end":62,"cssClass":"pl-s"}],[{"start":0,"end":60,"cssClass":"pl-s"}],[{"start":0,"end":55,"cssClass":"pl-s"}],[{"start":0,"end":48,"cssClass":"pl-s"}],[{"start":0,"end":42,"cssClass":"pl-s"}],[{"start":0,"end":76,"cssClass":"pl-s"}],[{"start":0,"end":67,"cssClass":"pl-s"}],[{"start":0,"end":60,"cssClass":"pl-s"}],[{"start":0,"end":3,"cssClass":"pl-s"},{"start":0,"end":3,"cssClass":"pl-pds"}],[{"start":6,"end":11,"cssClass":"pl-ent"}],[{"start":4,"end":12,"cssClass":"pl-ent"},{"start":14,"end":31,"cssClass":"pl-c"},{"start":14,"end":18,"cssClass":"pl-c"},{"start":28,"end":31,"cssClass":"pl-c"}],[{"start":3,"end":13,"cssClass":"pl-ent"}],[{"start":2,"end":11,"cssClass":"pl-ent"},{"start":13,"end":36,"cssClass":"pl-c"},{"start":13,"end":17,"cssClass":"pl-c"},{"start":33,"end":36,"cssClass":"pl-c"}]],"csv":null,"csvError":null,"dependabotInfo":{"showConfigurationBanner":false,"configFilePath":null,"networkDependabotPath":"/tabassumkabir/NewSeleniumTest/network/updates","dismissConfigurationNoticePath":"/settings/dismiss-notice/dependabot_configuration_notice","configurationNoticeDismissed":false,"repoAlertsPath":"/tabassumkabir/NewSeleniumTest/security/dependabot","repoSecurityAndAnalysisPath":"/tabassumkabir/NewSeleniumTest/settings/security_analysis","repoOwnerIsOrg":false,"currentUserCanAdminRepo":false},"displayName":"TEST-Testcase.TC001.xml","displayUrl":"https://github.com/tabassumkabir/NewSeleniumTest/blob/master/NewSeleniumTest/test-output/junitreports/TEST-Testcase.TC001.xml?raw=true","headerInfo":{"blobSize":"6.71 KB","deleteInfo":{"deletePath":"https://github.com/tabassumkabir/NewSeleniumTest/delete/master/NewSeleniumTest/test-output/junitreports/TEST-Testcase.TC001.xml","deleteTooltip":"Fork this repository and delete the file"},"editInfo":{"editTooltip":"Fork this repository and edit the file"},"ghDesktopPath":"x-github-client://openRepo/https://github.com/tabassumkabir/NewSeleniumTest?branch=master&filepath=NewSeleniumTest%2Ftest-output%2Fjunitreports%2FTEST-Testcase.TC001.xml","gitLfsPath":null,"onBranch":true,"shortPath":"37b4430","siteNavLoginPath":"/login?return_to=https%3A%2F%2Fgithub.com%2Ftabassumkabir%2FNewSeleniumTest%2Fblob%2Fmaster%2FNewSeleniumTest%2Ftest-output%2Fjunitreports%2FTEST-Testcase.TC001.xml","isCSV":false,"isRichtext":false,"toc":null,"lineInfo":{"truncatedLoc":"72","truncatedSloc":"72"},"mode":"file"},"image":false,"isCodeownersFile":null,"isValidLegacyIssueTemplate":false,"issueTemplateHelpUrl":"https://docs.github.com/articles/about-issue-and-pull-request-templates","issueTemplate":null,"discussionTemplate":null,"language":"XML","large":false,"loggedIn":true,"newDiscussionPath":"/tabassumkabir/NewSeleniumTest/discussions/new","newIssuePath":"/tabassumkabir/NewSeleniumTest/issues/new","planSupportInfo":{"repoIsFork":null,"repoOwnedByCurrentUser":null,"requestFullPath":"/tabassumkabir/NewSeleniumTest/blob/master/NewSeleniumTest/test-output/junitreports/TEST-Testcase.TC001.xml","showFreeOrgGatedFeatureMessage":null,"showPlanSupportBanner":null,"upgradeDataAttributes":null,"upgradePath":null},"publishBannersInfo":{"dismissActionNoticePath":"/settings/dismiss-notice/publish_action_from_dockerfile","dismissStackNoticePath":"/settings/dismiss-notice/publish_stack_from_file","releasePath":"/tabassumkabir/NewSeleniumTest/releases/new?marketplace=true","showPublishActionBanner":false,"showPublishStackBanner":false},"renderImageOrRaw":false,"richText":null,"renderedFileInfo":null,"tabSize":8,"topBannersInfo":{"overridingGlobalFundingFile":false,"globalPreferredFundingPath":null,"repoOwner":"tabassumkabir","repoName":"NewSeleniumTest","showInvalidCitationWarning":false,"citationHelpUrl":"https://docs.github.com/en/github/creating-cloning-and-archiving-repositories/creating-a-repository-on-github/about-citation-files","showDependabotConfigurationBanner":false,"actionsOnboardingTip":null},"truncated":false,"viewable":true,"workflowRedirectUrl":null,"symbols":{"timedOut":false,"notAnalyzed":true,"symbols":[]}},"copilotAccessInfo":{"accessAllowed":false,"hasSubscriptionEnded":false,"orgHasCFBAccess":false,"userHasCFIAccess":false,"userIsOrgAdmin":false,"userIsOrgMember":false,"business":null},"csrf_tokens":{"/tabassumkabir/NewSeleniumTest/branches":{"post":"pghFt3Ul05GSWFUxE8qT0Yp7AvFj1vEE6sDtv9bV6Qb5LfonXcUFbLxtl2WGU1zNpO6rc6xUSKunghZjKMC6PQ"}}},"title":"NewSeleniumTest/NewSeleniumTest/test-output/junitreports/TEST-Testcase.TC001.xml at master · tabassumkabir/NewSeleniumTest","locale":"en"}