{"payload":{"allShortcutsEnabled":true,"fileTree":{"NewSeleniumTest/test-output/junitreports":{"items":[{"name":"TEST-Testcase.TC001.xml","path":"NewSeleniumTest/test-output/junitreports/TEST-Testcase.TC001.xml","contentType":"file"},{"name":"TEST-Testcase.TC002_VerifyPageTitle.xml","path":"NewSeleniumTest/test-output/junitreports/TEST-Testcase.TC002_VerifyPageTitle.xml","contentType":"file"},{"name":"TEST-Testcase.TC003_VerifyRadioAndCheckbox.xml","path":"NewSeleniumTest/test-output/junitreports/TEST-Testcase.TC003_VerifyRadioAndCheckbox.xml","contentType":"file"},{"name":"TEST-Testcase.TC004_VerifyDropDown.xml","path":"NewSeleniumTest/test-output/junitreports/TEST-Testcase.TC004_VerifyDropDown.xml","contentType":"file"},{"name":"TEST-Testcase.TC005_Refresh.xml","path":"NewSeleniumTest/test-output/junitreports/TEST-Testcase.TC005_Refresh.xml","contentType":"file"},{"name":"TEST-Testcase.TC006_Scroll.xml","path":"NewSeleniumTest/test-output/junitreports/TEST-Testcase.TC006_Scroll.xml","contentType":"file"},{"name":"TEST-Testcase.TC007_RightContextClick.xml","path":"NewSeleniumTest/test-output/junitreports/TEST-Testcase.TC007_RightContextClick.xml","contentType":"file"},{"name":"TEST-Testcase.TC008_DragAndDrop.xml","path":"NewSeleniumTest/test-output/junitreports/TEST-Testcase.TC008_DragAndDrop.xml","contentType":"file"},{"name":"TEST-Testcase.TC009_KeyboardEvent.xml","path":"NewSeleniumTest/test-output/junitreports/TEST-Testcase.TC009_KeyboardEvent.xml","contentType":"file"},{"name":"TEST-Testcase.TC010_AlertAndPopUp.xml","path":"NewSeleniumTest/test-output/junitreports/TEST-Testcase.TC010_AlertAndPopUp.xml","contentType":"file"}],"totalCount":10},"NewSeleniumTest/test-output":{"items":[{"name":"Default suite","path":"NewSeleniumTest/test-output/Default suite","contentType":"directory"},{"name":"Suite","path":"NewSeleniumTest/test-output/Suite","contentType":"directory"},{"name":"junitreports","path":"NewSeleniumTest/test-output/junitreports","contentType":"directory"},{"name":"old","path":"NewSeleniumTest/test-output/old","contentType":"directory"},{"name":"bullet_point.png","path":"NewSeleniumTest/test-output/bullet_point.png","contentType":"file"},{"name":"collapseall.gif","path":"NewSeleniumTest/test-output/collapseall.gif","contentType":"file"},{"name":"emailable-report.html","path":"NewSeleniumTest/test-output/emailable-report.html","contentType":"file"},{"name":"failed.png","path":"NewSeleniumTest/test-output/failed.png","contentType":"file"},{"name":"index.html","path":"NewSeleniumTest/test-output/index.html","contentType":"file"},{"name":"jquery.min.js","path":"NewSeleniumTest/test-output/jquery.min.js","contentType":"file"},{"name":"navigator-bullet.png","path":"NewSeleniumTest/test-output/navigator-bullet.png","contentType":"file"},{"name":"passed.png","path":"NewSeleniumTest/test-output/passed.png","contentType":"file"},{"name":"skipped.png","path":"NewSeleniumTest/test-output/skipped.png","contentType":"file"},{"name":"testng-failed.xml","path":"NewSeleniumTest/test-output/testng-failed.xml","contentType":"file"},{"name":"testng-reports.css","path":"NewSeleniumTest/test-output/testng-reports.css","contentType":"file"},{"name":"testng-reports.js","path":"NewSeleniumTest/test-output/testng-reports.js","contentType":"file"},{"name":"testng-reports1.css","path":"NewSeleniumTest/test-output/testng-reports1.css","contentType":"file"},{"name":"testng-reports2.js","path":"NewSeleniumTest/test-output/testng-reports2.js","contentType":"file"},{"name":"testng-results.xml","path":"NewSeleniumTest/test-output/testng-results.xml","contentType":"file"},{"name":"testng.css","path":"NewSeleniumTest/test-output/testng.css","contentType":"file"}],"totalCount":20},"NewSeleniumTest":{"items":[{"name":".settings","path":"NewSeleniumTest/.settings","contentType":"directory"},{"name":"src","path":"NewSeleniumTest/src","contentType":"directory"},{"name":"test-output","path":"NewSeleniumTest/test-output","contentType":"directory"},{"name":".classpath","path":"NewSeleniumTest/.classpath","contentType":"file"},{"name":".gitignore","path":"NewSeleniumTest/.gitignore","contentType":"file"},{"name":".project","path":"NewSeleniumTest/.project","contentType":"file"},{"name":"pom.xml","path":"NewSeleniumTest/pom.xml","contentType":"file"},{"name":"testng.xml","path":"NewSeleniumTest/testng.xml","contentType":"file"}],"totalCount":8},"":{"items":[{"name":"NewSeleniumTest","path":"NewSeleniumTest","contentType":"directory"}],"totalCount":1}},"fileTreeProcessingTime":6.814714,"foldersToFetch":[],"reducedMotionEnabled":"system","repo":{"id":475894648,"defaultBranch":"master","name":"NewSeleniumTest","ownerLogin":"tabassumkabir","currentUserCanPush":false,"isFork":false,"isEmpty":false,"createdAt":"2022-03-30T19:36:30.000+06:00","ownerAvatar":"https://avatars.githubusercontent.com/u/41773516?v=4","public":true,"private":false,"isOrgOwned":false},"refInfo":{"name":"master","listCacheKey":"v0:1648716426.2766788","canEdit":true,"refType":"branch","currentOid":"c6922fada8643c8944315db5f176e548173a948c"},"path":"NewSeleniumTest/test-output/junitreports/TEST-Testcase.TC003_VerifyRadioAndCheckbox.xml","currentUser":{"id":73067441,"login":"Bayezid-Prince","userEmail":"bayejid.zahid@northsouth.edu"},"blob":{"rawLines":["<?xml version=\"1.0\" encoding=\"UTF-8\"?>","<!-- Generated by org.testng.reporters.JUnitReportReporter -->","<testsuite hostname=\"DESKTOP-92UMK2U\" failures=\"0\" tests=\"1\" name=\"Testcase.TC003_VerifyRadioAndCheckbox\" time=\"5.228\" errors=\"0\" timestamp=\"2022-04-06T13:26:49 ALMT\" skipped=\"0\">","  <testcase classname=\"Testcase.TC003_VerifyRadioAndCheckbox\" name=\"CheckboxAndRadioButtonInframe\" time=\"5.228\"/>","  <system-out/>","</testsuite> <!-- Testcase.TC003_VerifyRadioAndCheckbox -->"],"stylingDirectives":[[{"start":2,"end":5,"cssClass":"pl-ent"},{"start":5,"end":13,"cssClass":"pl-e"},{"start":14,"end":19,"cssClass":"pl-s"},{"start":14,"end":15,"cssClass":"pl-pds"},{"start":18,"end":19,"cssClass":"pl-pds"},{"start":19,"end":28,"cssClass":"pl-e"},{"start":29,"end":36,"cssClass":"pl-s"},{"start":29,"end":30,"cssClass":"pl-pds"},{"start":35,"end":36,"cssClass":"pl-pds"}],[{"start":0,"end":62,"cssClass":"pl-c"},{"start":0,"end":4,"cssClass":"pl-c"},{"start":59,"end":62,"cssClass":"pl-c"}],[{"start":1,"end":10,"cssClass":"pl-ent"},{"start":11,"end":19,"cssClass":"pl-e"},{"start":20,"end":37,"cssClass":"pl-s"},{"start":20,"end":21,"cssClass":"pl-pds"},{"start":36,"end":37,"cssClass":"pl-pds"},{"start":38,"end":46,"cssClass":"pl-e"},{"start":47,"end":50,"cssClass":"pl-s"},{"start":47,"end":48,"cssClass":"pl-pds"},{"start":49,"end":50,"cssClass":"pl-pds"},{"start":51,"end":56,"cssClass":"pl-e"},{"start":57,"end":60,"cssClass":"pl-s"},{"start":57,"end":58,"cssClass":"pl-pds"},{"start":59,"end":60,"cssClass":"pl-pds"},{"start":61,"end":65,"cssClass":"pl-e"},{"start":66,"end":105,"cssClass":"pl-s"},{"start":66,"end":67,"cssClass":"pl-pds"},{"start":104,"end":105,"cssClass":"pl-pds"},{"start":106,"end":110,"cssClass":"pl-e"},{"start":111,"end":118,"cssClass":"pl-s"},{"start":111,"end":112,"cssClass":"pl-pds"},{"start":117,"end":118,"cssClass":"pl-pds"},{"start":119,"end":125,"cssClass":"pl-e"},{"start":126,"end":129,"cssClass":"pl-s"},{"start":126,"end":127,"cssClass":"pl-pds"},{"start":128,"end":129,"cssClass":"pl-pds"},{"start":130,"end":139,"cssClass":"pl-e"},{"start":140,"end":166,"cssClass":"pl-s"},{"start":140,"end":141,"cssClass":"pl-pds"},{"start":165,"end":166,"cssClass":"pl-pds"},{"start":167,"end":174,"cssClass":"pl-e"},{"start":175,"end":178,"cssClass":"pl-s"},{"start":175,"end":176,"cssClass":"pl-pds"},{"start":177,"end":178,"cssClass":"pl-pds"}],[{"start":3,"end":11,"cssClass":"pl-ent"},{"start":12,"end":21,"cssClass":"pl-e"},{"start":22,"end":61,"cssClass":"pl-s"},{"start":22,"end":23,"cssClass":"pl-pds"},{"start":60,"end":61,"cssClass":"pl-pds"},{"start":62,"end":66,"cssClass":"pl-e"},{"start":67,"end":98,"cssClass":"pl-s"},{"start":67,"end":68,"cssClass":"pl-pds"},{"start":97,"end":98,"cssClass":"pl-pds"},{"start":99,"end":103,"cssClass":"pl-e"},{"start":104,"end":111,"cssClass":"pl-s"},{"start":104,"end":105,"cssClass":"pl-pds"},{"start":110,"end":111,"cssClass":"pl-pds"}],[{"start":3,"end":13,"cssClass":"pl-ent"}],[{"start":2,"end":11,"cssClass":"pl-ent"},{"start":13,"end":59,"cssClass":"pl-c"},{"start":13,"end":17,"cssClass":"pl-c"},{"start":56,"end":59,"cssClass":"pl-c"}]],"csv":null,"csvError":null,"dependabotInfo":{"showConfigurationBanner":false,"configFilePath":null,"networkDependabotPath":"/tabassumkabir/NewSeleniumTest/network/updates","dismissConfigurationNoticePath":"/settings/dismiss-notice/dependabot_configuration_notice","configurationNoticeDismissed":false,"repoAlertsPath":"/tabassumkabir/NewSeleniumTest/security/dependabot","repoSecurityAndAnalysisPath":"/tabassumkabir/NewSeleniumTest/settings/security_analysis","repoOwnerIsOrg":false,"currentUserCanAdminRepo":false},"displayName":"TEST-Testcase.TC003_VerifyRadioAndCheckbox.xml","displayUrl":"https://github.com/tabassumkabir/NewSeleniumTest/blob/master/NewSeleniumTest/test-output/junitreports/TEST-Testcase.TC003_VerifyRadioAndCheckbox.xml?raw=true","headerInfo":{"blobSize":"472 Bytes","deleteInfo":{"deletePath":"https://github.com/tabassumkabir/NewSeleniumTest/delete/master/NewSeleniumTest/test-output/junitreports/TEST-Testcase.TC003_VerifyRadioAndCheckbox.xml","deleteTooltip":"Fork this repository and delete the file"},"editInfo":{"editTooltip":"Fork this repository and edit the file"},"ghDesktopPath":"x-github-client://openRepo/https://github.com/tabassumkabir/NewSeleniumTest?branch=master&filepath=NewSeleniumTest%2Ftest-output%2Fjunitreports%2FTEST-Testcase.TC003_VerifyRadioAndCheckbox.xml","gitLfsPath":null,"onBranch":true,"shortPath":"6a9ebd3","siteNavLoginPath":"/login?return_to=https%3A%2F%2Fgithub.com%2Ftabassumkabir%2FNewSeleniumTest%2Fblob%2Fmaster%2FNewSeleniumTest%2Ftest-output%2Fjunitreports%2FTEST-Testcase.TC003_VerifyRadioAndCheckbox.xml","isCSV":false,"isRichtext":false,"toc":null,"lineInfo":{"truncatedLoc":"6","truncatedSloc":"6"},"mode":"file"},"image":false,"isCodeownersFile":null,"isValidLegacyIssueTemplate":false,"issueTemplateHelpUrl":"https://docs.github.com/articles/about-issue-and-pull-request-templates","issueTemplate":null,"discussionTemplate":null,"language":"XML","large":false,"loggedIn":true,"newDiscussionPath":"/tabassumkabir/NewSeleniumTest/discussions/new","newIssuePath":"/tabassumkabir/NewSeleniumTest/issues/new","planSupportInfo":{"repoIsFork":null,"repoOwnedByCurrentUser":null,"requestFullPath":"/tabassumkabir/NewSeleniumTest/blob/master/NewSeleniumTest/test-output/junitreports/TEST-Testcase.TC003_VerifyRadioAndCheckbox.xml","showFreeOrgGatedFeatureMessage":null,"showPlanSupportBanner":null,"upgradeDataAttributes":null,"upgradePath":null},"publishBannersInfo":{"dismissActionNoticePath":"/settings/dismiss-notice/publish_action_from_dockerfile","dismissStackNoticePath":"/settings/dismiss-notice/publish_stack_from_file","releasePath":"/tabassumkabir/NewSeleniumTest/releases/new?marketplace=true","showPublishActionBanner":false,"showPublishStackBanner":false},"renderImageOrRaw":false,"richText":null,"renderedFileInfo":null,"tabSize":8,"topBannersInfo":{"overridingGlobalFundingFile":false,"globalPreferredFundingPath":null,"repoOwner":"tabassumkabir","repoName":"NewSeleniumTest","showInvalidCitationWarning":false,"citationHelpUrl":"https://docs.github.com/en/github/creating-cloning-and-archiving-repositories/creating-a-repository-on-github/about-citation-files","showDependabotConfigurationBanner":false,"actionsOnboardingTip":null},"truncated":false,"viewable":true,"workflowRedirectUrl":null,"symbols":{"timedOut":false,"notAnalyzed":true,"symbols":[]}},"copilotAccessInfo":{"accessAllowed":false,"hasSubscriptionEnded":false,"orgHasCFBAccess":false,"userHasCFIAccess":false,"userIsOrgAdmin":false,"userIsOrgMember":false,"business":null},"csrf_tokens":{"/tabassumkabir/NewSeleniumTest/branches":{"post":"-e5rNFNEmf4SteP_UQSF2n53-ppiY6visDfOVnJD2Hqmy9Ske6RPAzyAIavEnUrGUOJTGK3hEk39dTWKjFaLQQ"}}},"title":"NewSeleniumTest/NewSeleniumTest/test-output/junitreports/TEST-Testcase.TC003_VerifyRadioAndCheckbox.xml at master · tabassumkabir/NewSeleniumTest","locale":"en"}